Build started 3/11/2016 11:55:31 AM.
     1>Project "D:\Documents\GitHub\SDLwithBen\SDLwithBen\SDLwithBen.vcxproj" on node 2 (Build target(s)).
     1>ClCompile:
         D:\Microsoft Visual Studio 14.0\VC\bin\CL.exe /c /ZI /nologo /W3 /WX- /sdl /Od /Oy- /D _MBCS /Gm /EHsc /RTC1 /MDd /GS /fp:precise /Zc:wchar_t /Zc:forScope /Zc:inline /Fo"Debug\\" /Fd"Debug\vc140.pdb" /Gd /TP /analyze- /errorReport:prompt MainGame.cpp
         MainGame.cpp
     1>d:\documents\github\sdlwithben\sdlwithben\maingame.cpp(58): warning C4305: '+=': truncation from 'double' to 'float'
     1>d:\documents\github\sdlwithben\sdlwithben\maingame.cpp(61): warning C4305: '+=': truncation from 'double' to 'float'
     1>d:\documents\github\sdlwithben\sdlwithben\maingame.cpp(64): warning C4305: '-=': truncation from 'double' to 'float'
     1>d:\documents\github\sdlwithben\sdlwithben\maingame.cpp(67): warning C4305: '-=': truncation from 'double' to 'float'
       Link:
         D:\Microsoft Visual Studio 14.0\VC\bin\link.exe /ERRORREPORT:PROMPT /OUT:"D:\Documents\GitHub\SDLwithBen\Debug\SDLwithBen.exe" /INCREMENTAL /NOLOGO SDL2.lib SDL2main.lib opengl32.lib glew32.lib kernel32.lib user32.lib gdi32.lib winspool.lib comdlg32.lib advapi32.lib shell32.lib ole32.lib oleaut32.lib uuid.lib odbc32.lib odbccp32.lib /MANIFEST /MANIFESTUAC:"level='asInvoker' uiAccess='false'" /manifest:embed /Debug /PDB:"D:\Documents\GitHub\SDLwithBen\Debug\SDLwithBen.pdb" /SUBSYSTEM:CONSOLE /TLBID:1 /DYNAMICBASE /NXCOMPAT /IMPLIB:"D:\Documents\GitHub\SDLwithBen\Debug\SDLwithBen.lib" /MACHINE:X86 Debug\CircleSprite.obj
         Debug\Errors.obj
         Debug\GLSLProgram.obj
         Debug\main.obj
         Debug\MainGame.obj
         Debug\Sprite.obj
         SDLwithBen.vcxproj -> D:\Documents\GitHub\SDLwithBen\Debug\SDLwithBen.exe
     1>Done Building Project "D:\Documents\GitHub\SDLwithBen\SDLwithBen\SDLwithBen.vcxproj" (Build target(s)).

Build succeeded.

Time Elapsed 00:00:00.89
